This file contains any messages produced by compilers while
running configure, to aid debugging if configure makes a mistake.

It was created by SIPp configure 3.3, which was
generated by GNU Autoconf 2.69.  Invocation command line was

  $ ./configure --with-pcap --with-openssl

## --------- ##
## Platform. ##
## --------- ##

hostname = acruz-pc
uname -m = x86_64
uname -r = 3.13.0-30-generic
uname -s = Linux
uname -v = #54-Ubuntu SMP Mon Jun 9 22:45:01 UTC 2014

/usr/bin/uname -p = unknown
/bin/uname -X     = unknown

/bin/arch              = unknown
/usr/bin/arch -k       = unknown
/usr/convex/getsysinfo = unknown
/usr/bin/hostinfo      = unknown
/bin/machine           = unknown
/usr/bin/oslevel       = unknown
/bin/universe          = unknown

PATH: /usr/local/sbin
PATH: /usr/local/bin
PATH: /usr/sbin
PATH: /usr/bin
PATH: /sbin
PATH: /bin
PATH: /usr/games
PATH: /usr/local/games


## ----------- ##
## Core tests. ##
## ----------- ##

configure:2372: checking build system type
configure:2386: result: x86_64-unknown-linux-gnu
configure:2406: checking host system type
configure:2419: result: x86_64-unknown-linux-gnu
configure:2439: checking target system type
configure:2452: result: x86_64-unknown-linux-gnu
configure:2498: checking for a BSD-compatible install
configure:2566: result: /usr/bin/install -c
configure:2577: checking whether build environment is sane
configure:2632: result: yes
configure:2783: checking for a thread-safe mkdir -p
configure:2822: result: /bin/mkdir -p
configure:2829: checking for gawk
configure:2859: result: no
configure:2829: checking for mawk
configure:2845: found /usr/bin/mawk
configure:2856: result: mawk
configure:2867: checking whether make sets $(MAKE)
configure:2889: result: yes
configure:2918: checking whether make supports nested variables
configure:2935: result: yes
configure:3144: checking for gcc
configure:3160: found /usr/bin/gcc
configure:3171: result: gcc
configure:3400: checking for C compiler version
configure:3409: gcc --version >&5
gcc (Ubuntu 4.8.2-19ubuntu1) 4.8.2
Copyright (C) 2013 Free Software Foundation, Inc.
This is free software; see the source for copying conditions.  There is NO
warranty; not even for MERCHANTABILITY or FITNESS FOR A PARTICULAR PURPOSE.

configure:3420: $? = 0
configure:3409: gcc -v >&5
Using built-in specs.
COLLECT_GCC=gcc
COLLECT_LTO_WRAPPER=/usr/lib/gcc/x86_64-linux-gnu/4.8/lto-wrapper
Target: x86_64-linux-gnu
Configured with: ../src/configure -v --with-pkgversion='Ubuntu 4.8.2-19ubuntu1' --with-bugurl=file:///usr/share/doc/gcc-4.8/README.Bugs --enable-languages=c,c++,java,go,d,fortran,objc,obj-c++ --prefix=/usr --program-suffix=-4.8 --enable-shared --enable-linker-build-id --libexecdir=/usr/lib --without-included-gettext --enable-threads=posix --with-gxx-include-dir=/usr/include/c++/4.8 --libdir=/usr/lib --enable-nls --with-sysroot=/ --enable-clocale=gnu --enable-libstdcxx-debug --enable-libstdcxx-time=yes --enable-gnu-unique-object --disable-libmudflap --enable-plugin --with-system-zlib --disable-browser-plugin --enable-java-awt=gtk --enable-gtk-cairo --with-java-home=/usr/lib/jvm/java-1.5.0-gcj-4.8-amd64/jre --enable-java-home --with-jvm-root-dir=/usr/lib/jvm/java-1.5.0-gcj-4.8-amd64 --with-jvm-jar-dir=/usr/lib/jvm-exports/java-1.5.0-gcj-4.8-amd64 --with-arch-directory=amd64 --with-ecj-jar=/usr/share/java/eclipse-ecj.jar --enable-objc-gc --enable-multiarch --disable-werror --with-arch-32=i686 --with-abi=m64 --with-multilib-list=m32,m64,mx32 --with-tune=generic --enable-checking=release --build=x86_64-linux-gnu --host=x86_64-linux-gnu --target=x86_64-linux-gnu
Thread model: posix
gcc version 4.8.2 (Ubuntu 4.8.2-19ubuntu1) 
configure:3420: $? = 0
configure:3409: gcc -V >&5
gcc: error: unrecognized command line option '-V'
gcc: fatal error: no input files
compilation terminated.
configure:3420: $? = 4
configure:3409: gcc -qversion >&5
gcc: error: unrecognized command line option '-qversion'
gcc: fatal error: no input files
compilation terminated.
configure:3420: $? = 4
configure:3440: checking whether the C compiler works
configure:3462: gcc    conftest.c  >&5
configure:3466: $? = 0
configure:3514: result: yes
configure:3517: checking for C compiler default output file name
configure:3519: result: a.out
configure:3525: checking for suffix of executables
configure:3532: gcc -o conftest    conftest.c  >&5
configure:3536: $? = 0
configure:3558: result: 
configure:3580: checking whether we are cross compiling
configure:3588: gcc -o conftest    conftest.c  >&5
configure:3592: $? = 0
configure:3599: ./conftest
configure:3603: $? = 0
configure:3618: result: no
configure:3623: checking for suffix of object files
configure:3645: gcc -c   conftest.c >&5
configure:3649: $? = 0
configure:3670: result: o
configure:3674: checking whether we are using the GNU C compiler
configure:3693: gcc -c   conftest.c >&5
configure:3693: $? = 0
configure:3702: result: yes
configure:3711: checking whether gcc accepts -g
configure:3731: gcc -c -g  conftest.c >&5
configure:3731: $? = 0
configure:3772: result: yes
configure:3789: checking for gcc option to accept ISO C89
configure:3852: gcc  -c -g -O2  conftest.c >&5
configure:3852: $? = 0
configure:3865: result: none needed
configure:3890: checking whether gcc understands -c and -o together
configure:3912: gcc -c conftest.c -o conftest2.o
configure:3915: $? = 0
configure:3912: gcc -c conftest.c -o conftest2.o
configure:3915: $? = 0
configure:3927: result: yes
configure:3955: checking for style of include used by make
configure:3983: result: GNU
configure:4009: checking dependency style of gcc
configure:4120: result: gcc3
configure:4193: checking for g++
configure:4209: found /usr/bin/g++
configure:4220: result: g++
configure:4247: checking for C++ compiler version
configure:4256: g++ --version >&5
g++ (Ubuntu 4.8.2-19ubuntu1) 4.8.2
Copyright (C) 2013 Free Software Foundation, Inc.
This is free software; see the source for copying conditions.  There is NO
warranty; not even for MERCHANTABILITY or FITNESS FOR A PARTICULAR PURPOSE.

configure:4267: $? = 0
configure:4256: g++ -v >&5
Using built-in specs.
COLLECT_GCC=g++
COLLECT_LTO_WRAPPER=/usr/lib/gcc/x86_64-linux-gnu/4.8/lto-wrapper
Target: x86_64-linux-gnu
Configured with: ../src/configure -v --with-pkgversion='Ubuntu 4.8.2-19ubuntu1' --with-bugurl=file:///usr/share/doc/gcc-4.8/README.Bugs --enable-languages=c,c++,java,go,d,fortran,objc,obj-c++ --prefix=/usr --program-suffix=-4.8 --enable-shared --enable-linker-build-id --libexecdir=/usr/lib --without-included-gettext --enable-threads=posix --with-gxx-include-dir=/usr/include/c++/4.8 --libdir=/usr/lib --enable-nls --with-sysroot=/ --enable-clocale=gnu --enable-libstdcxx-debug --enable-libstdcxx-time=yes --enable-gnu-unique-object --disable-libmudflap --enable-plugin --with-system-zlib --disable-browser-plugin --enable-java-awt=gtk --enable-gtk-cairo --with-java-home=/usr/lib/jvm/java-1.5.0-gcj-4.8-amd64/jre --enable-java-home --with-jvm-root-dir=/usr/lib/jvm/java-1.5.0-gcj-4.8-amd64 --with-jvm-jar-dir=/usr/lib/jvm-exports/java-1.5.0-gcj-4.8-amd64 --with-arch-directory=amd64 --with-ecj-jar=/usr/share/java/eclipse-ecj.jar --enable-objc-gc --enable-multiarch --disable-werror --with-arch-32=i686 --with-abi=m64 --with-multilib-list=m32,m64,mx32 --with-tune=generic --enable-checking=release --build=x86_64-linux-gnu --host=x86_64-linux-gnu --target=x86_64-linux-gnu
Thread model: posix
gcc version 4.8.2 (Ubuntu 4.8.2-19ubuntu1) 
configure:4267: $? = 0
configure:4256: g++ -V >&5
g++: error: unrecognized command line option '-V'
g++: fatal error: no input files
compilation terminated.
configure:4267: $? = 4
configure:4256: g++ -qversion >&5
g++: error: unrecognized command line option '-qversion'
g++: fatal error: no input files
compilation terminated.
configure:4267: $? = 4
configure:4271: checking whether we are using the GNU C++ compiler
configure:4290: g++ -c   conftest.cpp >&5
configure:4290: $? = 0
configure:4299: result: yes
configure:4308: checking whether g++ accepts -g
configure:4328: g++ -c -g  conftest.cpp >&5
configure:4328: $? = 0
configure:4369: result: yes
configure:4394: checking dependency style of g++
configure:4505: result: gcc3
configure:4526: checking how to run the C preprocessor
configure:4557: gcc -E  conftest.c
configure:4557: $? = 0
configure:4571: gcc -E  conftest.c
conftest.c:11:28: fatal error: ac_nonexistent.h: No such file or directory
 #include <ac_nonexistent.h>
                            ^
compilation terminated.
configure:4571: $? = 1
configure: failed program was:
| /* confdefs.h */
| #define PACKAGE_NAME "SIPp"
| #define PACKAGE_TARNAME "sipp"
| #define PACKAGE_VERSION "3.3"
| #define PACKAGE_STRING "SIPp 3.3"
| #define PACKAGE_BUGREPORT "sipp-users@lists.sourceforge.net"
| #define PACKAGE_URL ""
| #define PACKAGE "sipp"
| #define VERSION "3.3"
| /* end confdefs.h.  */
| #include <ac_nonexistent.h>
configure:4596: result: gcc -E
configure:4616: gcc -E  conftest.c
configure:4616: $? = 0
configure:4630: gcc -E  conftest.c
conftest.c:11:28: fatal error: ac_nonexistent.h: No such file or directory
 #include <ac_nonexistent.h>
                            ^
compilation terminated.
configure:4630: $? = 1
configure: failed program was:
| /* confdefs.h */
| #define PACKAGE_NAME "SIPp"
| #define PACKAGE_TARNAME "sipp"
| #define PACKAGE_VERSION "3.3"
| #define PACKAGE_STRING "SIPp 3.3"
| #define PACKAGE_BUGREPORT "sipp-users@lists.sourceforge.net"
| #define PACKAGE_URL ""
| #define PACKAGE "sipp"
| #define VERSION "3.3"
| /* end confdefs.h.  */
| #include <ac_nonexistent.h>
configure:4659: checking for grep that handles long lines and -e
configure:4717: result: /bin/grep
configure:4722: checking for egrep
configure:4784: result: /bin/grep -E
configure:4789: checking for ANSI C header files
configure:4809: gcc -c -g -O2  conftest.c >&5
configure:4809: $? = 0
configure:4882: gcc -o conftest -g -O2   conftest.c  >&5
configure:4882: $? = 0
configure:4882: ./conftest
configure:4882: $? = 0
configure:4893: result: yes
configure:4935: checking for initscr in -lcurses
configure:4960: gcc -o conftest -g -O2 -D__LINUX  -D__LINUX  conftest.c -lcurses   >&5
configure:4960: $? = 0
configure:4969: result: yes
configure:4982: checking for pthread_mutex_init in -lpthread
configure:5007: gcc -o conftest -g -O2 -D__LINUX  -D__LINUX  conftest.c -lpthread  -lcurses  >&5
configure:5007: $? = 0
configure:5016: result: yes
configure:5026: checking for library containing dlopen
configure:5057: gcc -o conftest -g -O2 -D__LINUX  -D__LINUX  conftest.c -lcurses  >&5
/tmp/ccCvLtGX.o: In function `main':
/home/acruz/dev/sipp-3.3/conftest.c:24: undefined reference to `dlopen'
collect2: error: ld returned 1 exit status
configure:5057: $? = 1
configure: failed program was:
| /* confdefs.h */
| #define PACKAGE_NAME "SIPp"
| #define PACKAGE_TARNAME "sipp"
| #define PACKAGE_VERSION "3.3"
| #define PACKAGE_STRING "SIPp 3.3"
| #define PACKAGE_BUGREPORT "sipp-users@lists.sourceforge.net"
| #define PACKAGE_URL ""
| #define PACKAGE "sipp"
| #define VERSION "3.3"
| #define STDC_HEADERS 1
| #define HAVE_LIBCURSES 1
| /* end confdefs.h.  */
| 
| /* Override any GCC internal prototype to avoid an error.
|    Use char because int might match the return type of a GCC
|    builtin and then its argument prototype would still apply.  */
| #ifdef __cplusplus
| extern "C"
| #endif
| char dlopen ();
| int
| main ()
| {
| return dlopen ();
|   ;
|   return 0;
| }
configure:5057: gcc -o conftest -g -O2 -D__LINUX  -D__LINUX  conftest.c -ldl  -lcurses  >&5
configure:5057: $? = 0
configure:5074: result: -ldl
configure:5082: checking for library containing dlerror
configure:5113: gcc -o conftest -g -O2 -D__LINUX  -D__LINUX  conftest.c -ldl -lcurses  >&5
configure:5113: $? = 0
configure:5130: result: none required
configure:5138: checking for library containing dlsym
configure:5169: gcc -o conftest -g -O2 -D__LINUX  -D__LINUX  conftest.c -ldl -lcurses  >&5
configure:5169: $? = 0
configure:5186: result: none required
configure:5196: checking for library containing inet_addr
configure:5227: gcc -o conftest -g -O2 -D__LINUX  -D__LINUX  conftest.c -ldl -lcurses  >&5
configure:5227: $? = 0
configure:5244: result: none required
configure:5252: checking for library containing inet_ntoa
configure:5283: gcc -o conftest -g -O2 -D__LINUX  -D__LINUX  conftest.c -ldl -lcurses  >&5
configure:5283: $? = 0
configure:5300: result: none required
configure:5309: checking for library containing pthread_mutex_init
configure:5340: gcc -o conftest -g -O2 -D__LINUX  -D__LINUX  conftest.c -ldl -lcurses  >&5
configure:5340: $? = 0
configure:5357: result: none required
configure:5365: checking for library containing pthread_mutex_destroy
configure:5396: gcc -o conftest -g -O2 -D__LINUX  -D__LINUX  conftest.c -ldl -lcurses  >&5
configure:5396: $? = 0
configure:5413: result: none required
configure:5421: checking for library containing pthread_mutex_lock
configure:5452: gcc -o conftest -g -O2 -D__LINUX  -D__LINUX  conftest.c -ldl -lcurses  >&5
configure:5452: $? = 0
configure:5469: result: none required
configure:5477: checking for library containing pthread_mutex_unlock
configure:5508: gcc -o conftest -g -O2 -D__LINUX  -D__LINUX  conftest.c -ldl -lcurses  >&5
configure:5508: $? = 0
configure:5525: result: none required
configure:5533: checking for library containing pthread_self
configure:5564: gcc -o conftest -g -O2 -D__LINUX  -D__LINUX  conftest.c -ldl -lcurses  >&5
configure:5564: $? = 0
configure:5581: result: none required
configure:5589: checking for library containing pthread_cancel
configure:5620: gcc -o conftest -g -O2 -D__LINUX  -D__LINUX  conftest.c -ldl -lcurses  >&5
/tmp/cc4hw5Hr.o: In function `main':
/home/acruz/dev/sipp-3.3/conftest.c:24: undefined reference to `pthread_cancel'
collect2: error: ld returned 1 exit status
configure:5620: $? = 1
configure: failed program was:
| /* confdefs.h */
| #define PACKAGE_NAME "SIPp"
| #define PACKAGE_TARNAME "sipp"
| #define PACKAGE_VERSION "3.3"
| #define PACKAGE_STRING "SIPp 3.3"
| #define PACKAGE_BUGREPORT "sipp-users@lists.sourceforge.net"
| #define PACKAGE_URL ""
| #define PACKAGE "sipp"
| #define VERSION "3.3"
| #define STDC_HEADERS 1
| #define HAVE_LIBCURSES 1
| /* end confdefs.h.  */
| 
| /* Override any GCC internal prototype to avoid an error.
|    Use char because int might match the return type of a GCC
|    builtin and then its argument prototype would still apply.  */
| #ifdef __cplusplus
| extern "C"
| #endif
| char pthread_cancel ();
| int
| main ()
| {
| return pthread_cancel ();
|   ;
|   return 0;
| }
configure:5620: gcc -o conftest -g -O2 -D__LINUX  -D__LINUX  conftest.c -lpthread  -ldl -lcurses  >&5
configure:5620: $? = 0
configure:5637: result: -lpthread
configure:5645: checking for library containing pthread_join
configure:5676: gcc -o conftest -g -O2 -D__LINUX  -D__LINUX  conftest.c -lpthread -ldl -lcurses  >&5
configure:5676: $? = 0
configure:5693: result: none required
configure:5701: checking for library containing pthread_attr_init
configure:5732: gcc -o conftest -g -O2 -D__LINUX  -D__LINUX  conftest.c -lpthread -ldl -lcurses  >&5
configure:5732: $? = 0
configure:5749: result: none required
configure:5757: checking for library containing pthread_attr_setstacksize
configure:5788: gcc -o conftest -g -O2 -D__LINUX  -D__LINUX  conftest.c -lpthread -ldl -lcurses  >&5
configure:5788: $? = 0
configure:5805: result: none required
configure:5813: checking for library containing pthread_create
configure:5844: gcc -o conftest -g -O2 -D__LINUX  -D__LINUX  conftest.c -lpthread -ldl -lcurses  >&5
configure:5844: $? = 0
configure:5861: result: none required
configure:5869: checking for library containing pthread_attr_destroy
configure:5900: gcc -o conftest -g -O2 -D__LINUX  -D__LINUX  conftest.c -lpthread -ldl -lcurses  >&5
configure:5900: $? = 0
configure:5917: result: none required
configure:5925: checking for library containing pthread_setschedparam
configure:5956: gcc -o conftest -g -O2 -D__LINUX  -D__LINUX  conftest.c -lpthread -ldl -lcurses  >&5
configure:5956: $? = 0
configure:5973: result: none required
configure:5981: checking for library containing pthread_setcancelstate
configure:6012: gcc -o conftest -g -O2 -D__LINUX  -D__LINUX  conftest.c -lpthread -ldl -lcurses  >&5
configure:6012: $? = 0
configure:6029: result: none required
configure:6037: checking for library containing pthread_setcanceltype
configure:6068: gcc -o conftest -g -O2 -D__LINUX  -D__LINUX  conftest.c -lpthread -ldl -lcurses  >&5
configure:6068: $? = 0
configure:6085: result: none required
configure:6093: checking for library containing pthread_exit
configure:6124: gcc -o conftest -g -O2 -D__LINUX  -D__LINUX  conftest.c -lpthread -ldl -lcurses  >&5
configure:6124: $? = 0
configure:6141: result: none required
configure:6149: checking for library containing pthread_sigmask
configure:6180: gcc -o conftest -g -O2 -D__LINUX  -D__LINUX  conftest.c -lpthread -ldl -lcurses  >&5
configure:6180: $? = 0
configure:6197: result: none required
configure:6208: checking for library containing floor
configure:6239: gcc -o conftest -g -O2 -D__LINUX  -D__LINUX  conftest.c -lpthread -ldl -lcurses  >&5
conftest.c:20:6: warning: conflicting types for built-in function 'floor' [enabled by default]
 char floor ();
      ^
/tmp/cc2sazFR.o: In function `main':
/home/acruz/dev/sipp-3.3/conftest.c:24: undefined reference to `floor'
collect2: error: ld returned 1 exit status
configure:6239: $? = 1
configure: failed program was:
| /* confdefs.h */
| #define PACKAGE_NAME "SIPp"
| #define PACKAGE_TARNAME "sipp"
| #define PACKAGE_VERSION "3.3"
| #define PACKAGE_STRING "SIPp 3.3"
| #define PACKAGE_BUGREPORT "sipp-users@lists.sourceforge.net"
| #define PACKAGE_URL ""
| #define PACKAGE "sipp"
| #define VERSION "3.3"
| #define STDC_HEADERS 1
| #define HAVE_LIBCURSES 1
| /* end confdefs.h.  */
| 
| /* Override any GCC internal prototype to avoid an error.
|    Use char because int might match the return type of a GCC
|    builtin and then its argument prototype would still apply.  */
| #ifdef __cplusplus
| extern "C"
| #endif
| char floor ();
| int
| main ()
| {
| return floor ();
|   ;
|   return 0;
| }
configure:6239: gcc -o conftest -g -O2 -D__LINUX  -D__LINUX  conftest.c -lm  -lpthread -ldl -lcurses  >&5
conftest.c:20:6: warning: conflicting types for built-in function 'floor' [enabled by default]
 char floor ();
      ^
configure:6239: $? = 0
configure:6256: result: -lm
configure:6264: checking for library containing pow
configure:6295: gcc -o conftest -g -O2 -D__LINUX  -D__LINUX  conftest.c -lm -lpthread -ldl -lcurses  >&5
conftest.c:20:6: warning: conflicting types for built-in function 'pow' [enabled by default]
 char pow ();
      ^
configure:6295: $? = 0
configure:6312: result: none required
configure:6322: checking for library containing htons
configure:6353: gcc -o conftest -g -O2 -D__LINUX  -D__LINUX  conftest.c -lm -lpthread -ldl -lcurses  >&5
configure:6353: $? = 0
configure:6370: result: none required
configure:6378: checking for library containing ntohs
configure:6409: gcc -o conftest -g -O2 -D__LINUX  -D__LINUX  conftest.c -lm -lpthread -ldl -lcurses  >&5
configure:6409: $? = 0
configure:6426: result: none required
configure:6434: checking for library containing bind
configure:6465: gcc -o conftest -g -O2 -D__LINUX  -D__LINUX  conftest.c -lm -lpthread -ldl -lcurses  >&5
configure:6465: $? = 0
configure:6482: result: none required
configure:6490: checking for library containing freeaddrinfo
configure:6521: gcc -o conftest -g -O2 -D__LINUX  -D__LINUX  conftest.c -lm -lpthread -ldl -lcurses  >&5
configure:6521: $? = 0
configure:6538: result: none required
configure:6546: checking for library containing getaddrinfo
configure:6577: gcc -o conftest -g -O2 -D__LINUX  -D__LINUX  conftest.c -lm -lpthread -ldl -lcurses  >&5
configure:6577: $? = 0
configure:6594: result: none required
configure:6602: checking for library containing listen
configure:6633: gcc -o conftest -g -O2 -D__LINUX  -D__LINUX  conftest.c -lm -lpthread -ldl -lcurses  >&5
configure:6633: $? = 0
configure:6650: result: none required
configure:6658: checking for library containing recvfrom
configure:6689: gcc -o conftest -g -O2 -D__LINUX  -D__LINUX  conftest.c -lm -lpthread -ldl -lcurses  >&5
configure:6689: $? = 0
configure:6706: result: none required
configure:6714: checking for library containing shutdown
configure:6745: gcc -o conftest -g -O2 -D__LINUX  -D__LINUX  conftest.c -lm -lpthread -ldl -lcurses  >&5
configure:6745: $? = 0
configure:6762: result: none required
configure:6781: checking for sys/types.h
configure:6781: gcc -c -g -O2 -D__LINUX  -D__LINUX conftest.c >&5
configure:6781: $? = 0
configure:6781: result: yes
configure:6781: checking for sys/stat.h
configure:6781: gcc -c -g -O2 -D__LINUX  -D__LINUX conftest.c >&5
configure:6781: $? = 0
configure:6781: result: yes
configure:6781: checking for stdlib.h
configure:6781: gcc -c -g -O2 -D__LINUX  -D__LINUX conftest.c >&5
configure:6781: $? = 0
configure:6781: result: yes
configure:6781: checking for string.h
configure:6781: gcc -c -g -O2 -D__LINUX  -D__LINUX conftest.c >&5
configure:6781: $? = 0
configure:6781: result: yes
configure:6781: checking for memory.h
configure:6781: gcc -c -g -O2 -D__LINUX  -D__LINUX conftest.c >&5
configure:6781: $? = 0
configure:6781: result: yes
configure:6781: checking for strings.h
configure:6781: gcc -c -g -O2 -D__LINUX  -D__LINUX conftest.c >&5
configure:6781: $? = 0
configure:6781: result: yes
configure:6781: checking for inttypes.h
configure:6781: gcc -c -g -O2 -D__LINUX  -D__LINUX conftest.c >&5
configure:6781: $? = 0
configure:6781: result: yes
configure:6781: checking for stdint.h
configure:6781: gcc -c -g -O2 -D__LINUX  -D__LINUX conftest.c >&5
configure:6781: $? = 0
configure:6781: result: yes
configure:6781: checking for unistd.h
configure:6781: gcc -c -g -O2 -D__LINUX  -D__LINUX conftest.c >&5
configure:6781: $? = 0
configure:6781: result: yes
configure:6795: checking openssl/md5.h usability
configure:6795: gcc -c -g -O2 -D__LINUX  -D__LINUX conftest.c >&5
configure:6795: $? = 0
configure:6795: result: yes
configure:6795: checking openssl/md5.h presence
configure:6795: gcc -E  -D__LINUX conftest.c
configure:6795: $? = 0
configure:6795: result: yes
configure:6795: checking for openssl/md5.h
configure:6795: result: yes
configure:6809: checking openssl/bio.h usability
configure:6809: gcc -c -g -O2 -D__LINUX  -D__LINUX conftest.c >&5
configure:6809: $? = 0
configure:6809: result: yes
configure:6809: checking openssl/bio.h presence
configure:6809: gcc -E  -D__LINUX conftest.c
configure:6809: $? = 0
configure:6809: result: yes
configure:6809: checking for openssl/bio.h
configure:6809: result: yes
configure:6823: checking openssl/err.h usability
configure:6823: gcc -c -g -O2 -D__LINUX  -D__LINUX conftest.c >&5
configure:6823: $? = 0
configure:6823: result: yes
configure:6823: checking openssl/err.h presence
configure:6823: gcc -E  -D__LINUX conftest.c
configure:6823: $? = 0
configure:6823: result: yes
configure:6823: checking for openssl/err.h
configure:6823: result: yes
configure:6837: checking openssl/rand.h usability
configure:6837: gcc -c -g -O2 -D__LINUX  -D__LINUX conftest.c >&5
configure:6837: $? = 0
configure:6837: result: yes
configure:6837: checking openssl/rand.h presence
configure:6837: gcc -E  -D__LINUX conftest.c
configure:6837: $? = 0
configure:6837: result: yes
configure:6837: checking for openssl/rand.h
configure:6837: result: yes
configure:6851: checking openssl/ssl.h usability
configure:6851: gcc -c -g -O2 -D__LINUX  -D__LINUX conftest.c >&5
configure:6851: $? = 0
configure:6851: result: yes
configure:6851: checking openssl/ssl.h presence
configure:6851: gcc -E  -D__LINUX conftest.c
configure:6851: $? = 0
configure:6851: result: yes
configure:6851: checking for openssl/ssl.h
configure:6851: result: yes
configure:6865: checking openssl/x509v3.h usability
configure:6865: gcc -c -g -O2 -D__LINUX  -D__LINUX conftest.c >&5
configure:6865: $? = 0
configure:6865: result: yes
configure:6865: checking openssl/x509v3.h presence
configure:6865: gcc -E  -D__LINUX conftest.c
configure:6865: $? = 0
configure:6865: result: yes
configure:6865: checking for openssl/x509v3.h
configure:6865: result: yes
configure:6877: checking for SSL_library_init in -lssl
configure:6902: gcc -o conftest -g -O2 -D__LINUX  -D__LINUX  conftest.c -lssl  -lm -lpthread -ldl -lcurses  >&5
configure:6902: $? = 0
configure:6911: result: yes
configure:6924: checking for CRYPTO_num_locks in -lcrypto
configure:6949: gcc -o conftest -g -O2 -D__LINUX  -D__LINUX  conftest.c -lcrypto  -lssl -lm -lpthread -ldl -lcurses  >&5
configure:6949: $? = 0
configure:6958: result: yes
configure:7246: checking pcap.h usability
configure:7246: gcc -c -g -O2 -D__LINUX  -D__LINUX conftest.c >&5
configure:7246: $? = 0
configure:7246: result: yes
configure:7246: checking pcap.h presence
configure:7246: gcc -E  -D__LINUX conftest.c
configure:7246: $? = 0
configure:7246: result: yes
configure:7246: checking for pcap.h
configure:7246: result: yes
configure:7258: checking for library containing pcap_open_offline
configure:7289: gcc -o conftest -g -O2 -D__LINUX  -D__LINUX  conftest.c -lcrypto -lssl -lm -lpthread -ldl -lcurses  >&5
/tmp/ccNcxZ7k.o: In function `main':
/home/acruz/dev/sipp-3.3/conftest.c:42: undefined reference to `pcap_open_offline'
collect2: error: ld returned 1 exit status
configure:7289: $? = 1
configure: failed program was:
| /* confdefs.h */
| #define PACKAGE_NAME "SIPp"
| #define PACKAGE_TARNAME "sipp"
| #define PACKAGE_VERSION "3.3"
| #define PACKAGE_STRING "SIPp 3.3"
| #define PACKAGE_BUGREPORT "sipp-users@lists.sourceforge.net"
| #define PACKAGE_URL ""
| #define PACKAGE "sipp"
| #define VERSION "3.3"
| #define STDC_HEADERS 1
| #define HAVE_LIBCURSES 1
| #define HAVE_SYS_TYPES_H 1
| #define HAVE_SYS_STAT_H 1
| #define HAVE_STDLIB_H 1
| #define HAVE_STRING_H 1
| #define HAVE_MEMORY_H 1
| #define HAVE_STRINGS_H 1
| #define HAVE_INTTYPES_H 1
| #define HAVE_STDINT_H 1
| #define HAVE_UNISTD_H 1
| #define HAVE_OPENSSL_MD5_H 1
| #define HAVE_OPENSSL_BIO_H 1
| #define HAVE_OPENSSL_ERR_H 1
| #define HAVE_OPENSSL_RAND_H 1
| #define HAVE_OPENSSL_SSL_H 1
| #define HAVE_OPENSSL_X509V3_H 1
| #define HAVE_LIBSSL 1
| #define HAVE_LIBCRYPTO 1
| #define HAVE_PCAP_H 1
| /* end confdefs.h.  */
| 
| /* Override any GCC internal prototype to avoid an error.
|    Use char because int might match the return type of a GCC
|    builtin and then its argument prototype would still apply.  */
| #ifdef __cplusplus
| extern "C"
| #endif
| char pcap_open_offline ();
| int
| main ()
| {
| return pcap_open_offline ();
|   ;
|   return 0;
| }
configure:7289: gcc -o conftest -g -O2 -D__LINUX  -D__LINUX  conftest.c -lpcap  -lcrypto -lssl -lm -lpthread -ldl -lcurses  >&5
configure:7289: $? = 0
configure:7306: result: -lpcap
configure:7316: checking for library containing pcap_next
configure:7347: gcc -o conftest -g -O2 -D__LINUX  -D__LINUX  conftest.c -lpcap -lcrypto -lssl -lm -lpthread -ldl -lcurses  >&5
configure:7347: $? = 0
configure:7364: result: none required
configure:7374: checking for library containing pcap_next_ex
configure:7405: gcc -o conftest -g -O2 -D__LINUX  -D__LINUX  conftest.c -lpcap -lcrypto -lssl -lm -lpthread -ldl -lcurses  >&5
configure:7405: $? = 0
configure:7422: result: none required
configure:7432: checking for library containing pcap_close
configure:7463: gcc -o conftest -g -O2 -D__LINUX  -D__LINUX  conftest.c -lpcap -lcrypto -lssl -lm -lpthread -ldl -lcurses  >&5
configure:7463: $? = 0
configure:7480: result: none required
configure:7511: checking for size_t
configure:7511: gcc -c -g -O2 -D__LINUX  -D__LINUX conftest.c >&5
configure:7511: $? = 0
configure:7511: gcc -c -g -O2 -D__LINUX  -D__LINUX conftest.c >&5
conftest.c: In function 'main':
conftest.c:67:21: error: expected expression before ')' token
 if (sizeof ((size_t)))
                     ^
configure:7511: $? = 1
configure: failed program was:
| /* confdefs.h */
| #define PACKAGE_NAME "SIPp"
| #define PACKAGE_TARNAME "sipp"
| #define PACKAGE_VERSION "3.3"
| #define PACKAGE_STRING "SIPp 3.3"
| #define PACKAGE_BUGREPORT "sipp-users@lists.sourceforge.net"
| #define PACKAGE_URL ""
| #define PACKAGE "sipp"
| #define VERSION "3.3"
| #define STDC_HEADERS 1
| #define HAVE_LIBCURSES 1
| #define HAVE_SYS_TYPES_H 1
| #define HAVE_SYS_STAT_H 1
| #define HAVE_STDLIB_H 1
| #define HAVE_STRING_H 1
| #define HAVE_MEMORY_H 1
| #define HAVE_STRINGS_H 1
| #define HAVE_INTTYPES_H 1
| #define HAVE_STDINT_H 1
| #define HAVE_UNISTD_H 1
| #define HAVE_OPENSSL_MD5_H 1
| #define HAVE_OPENSSL_BIO_H 1
| #define HAVE_OPENSSL_ERR_H 1
| #define HAVE_OPENSSL_RAND_H 1
| #define HAVE_OPENSSL_SSL_H 1
| #define HAVE_OPENSSL_X509V3_H 1
| #define HAVE_LIBSSL 1
| #define HAVE_LIBCRYPTO 1
| #define HAVE_PCAP_H 1
| /* end confdefs.h.  */
| #include <stdio.h>
| #ifdef HAVE_SYS_TYPES_H
| # include <sys/types.h>
| #endif
| #ifdef HAVE_SYS_STAT_H
| # include <sys/stat.h>
| #endif
| #ifdef STDC_HEADERS
| # include <stdlib.h>
| # include <stddef.h>
| #else
| # ifdef HAVE_STDLIB_H
| #  include <stdlib.h>
| # endif
| #endif
| #ifdef HAVE_STRING_H
| # if !defined STDC_HEADERS && defined HAVE_MEMORY_H
| #  include <memory.h>
| # endif
| # include <string.h>
| #endif
| #ifdef HAVE_STRINGS_H
| # include <strings.h>
| #endif
| #ifdef HAVE_INTTYPES_H
| # include <inttypes.h>
| #endif
| #ifdef HAVE_STDINT_H
| # include <stdint.h>
| #endif
| #ifdef HAVE_UNISTD_H
| # include <unistd.h>
| #endif
| int
| main ()
| {
| if (sizeof ((size_t)))
| 	    return 0;
|   ;
|   return 0;
| }
configure:7511: result: yes
configure:7524: checking for working alloca.h
configure:7541: gcc -o conftest -g -O2 -D__LINUX  -D__LINUX  conftest.c -lpcap -lcrypto -lssl -lm -lpthread -ldl -lcurses  >&5
configure:7541: $? = 0
configure:7549: result: yes
configure:7557: checking for alloca
configure:7594: gcc -o conftest -g -O2 -D__LINUX  -D__LINUX  conftest.c -lpcap -lcrypto -lssl -lm -lpthread -ldl -lcurses  >&5
configure:7594: $? = 0
configure:7602: result: yes
configure:7711: checking arpa/inet.h usability
configure:7711: gcc -c -g -O2 -D__LINUX  -D__LINUX conftest.c >&5
configure:7711: $? = 0
configure:7711: result: yes
configure:7711: checking arpa/inet.h presence
configure:7711: gcc -E  -D__LINUX conftest.c
configure:7711: $? = 0
configure:7711: result: yes
configure:7711: checking for arpa/inet.h
configure:7711: result: yes
configure:7711: checking fcntl.h usability
configure:7711: gcc -c -g -O2 -D__LINUX  -D__LINUX conftest.c >&5
configure:7711: $? = 0
configure:7711: result: yes
configure:7711: checking fcntl.h presence
configure:7711: gcc -E  -D__LINUX conftest.c
configure:7711: $? = 0
configure:7711: result: yes
configure:7711: checking for fcntl.h
configure:7711: result: yes
configure:7711: checking limits.h usability
configure:7711: gcc -c -g -O2 -D__LINUX  -D__LINUX conftest.c >&5
configure:7711: $? = 0
configure:7711: result: yes
configure:7711: checking limits.h presence
configure:7711: gcc -E  -D__LINUX conftest.c
configure:7711: $? = 0
configure:7711: result: yes
configure:7711: checking for limits.h
configure:7711: result: yes
configure:7711: checking netdb.h usability
configure:7711: gcc -c -g -O2 -D__LINUX  -D__LINUX conftest.c >&5
configure:7711: $? = 0
configure:7711: result: yes
configure:7711: checking netdb.h presence
configure:7711: gcc -E  -D__LINUX conftest.c
configure:7711: $? = 0
configure:7711: result: yes
configure:7711: checking for netdb.h
configure:7711: result: yes
configure:7711: checking netinet/in.h usability
configure:7711: gcc -c -g -O2 -D__LINUX  -D__LINUX conftest.c >&5
configure:7711: $? = 0
configure:7711: result: yes
configure:7711: checking netinet/in.h presence
configure:7711: gcc -E  -D__LINUX conftest.c
configure:7711: $? = 0
configure:7711: result: yes
configure:7711: checking for netinet/in.h
configure:7711: result: yes
configure:7711: checking for stdlib.h
configure:7711: result: yes
configure:7711: checking for string.h
configure:7711: result: yes
configure:7711: checking sys/socket.h usability
configure:7711: gcc -c -g -O2 -D__LINUX  -D__LINUX conftest.c >&5
configure:7711: $? = 0
configure:7711: result: yes
configure:7711: checking sys/socket.h presence
configure:7711: gcc -E  -D__LINUX conftest.c
configure:7711: $? = 0
configure:7711: result: yes
configure:7711: checking for sys/socket.h
configure:7711: result: yes
configure:7711: checking sys/time.h usability
configure:7711: gcc -c -g -O2 -D__LINUX  -D__LINUX conftest.c >&5
configure:7711: $? = 0
configure:7711: result: yes
configure:7711: checking sys/time.h presence
configure:7711: gcc -E  -D__LINUX conftest.c
configure:7711: $? = 0
configure:7711: result: yes
configure:7711: checking for sys/time.h
configure:7711: result: yes
configure:7711: checking for unistd.h
configure:7711: result: yes
configure:7724: checking for stdbool.h that conforms to C99
configure:7791: gcc -c -g -O2 -D__LINUX  -D__LINUX conftest.c >&5
configure:7791: $? = 0
configure:7798: result: yes
configure:7800: checking for _Bool
configure:7800: gcc -c -g -O2 -D__LINUX  -D__LINUX conftest.c >&5
configure:7800: $? = 0
configure:7800: gcc -c -g -O2 -D__LINUX  -D__LINUX conftest.c >&5
conftest.c: In function 'main':
conftest.c:79:20: error: expected expression before ')' token
 if (sizeof ((_Bool)))
                    ^
configure:7800: $? = 1
configure: failed program was:
| /* confdefs.h */
| #define PACKAGE_NAME "SIPp"
| #define PACKAGE_TARNAME "sipp"
| #define PACKAGE_VERSION "3.3"
| #define PACKAGE_STRING "SIPp 3.3"
| #define PACKAGE_BUGREPORT "sipp-users@lists.sourceforge.net"
| #define PACKAGE_URL ""
| #define PACKAGE "sipp"
| #define VERSION "3.3"
| #define STDC_HEADERS 1
| #define HAVE_LIBCURSES 1
| #define HAVE_SYS_TYPES_H 1
| #define HAVE_SYS_STAT_H 1
| #define HAVE_STDLIB_H 1
| #define HAVE_STRING_H 1
| #define HAVE_MEMORY_H 1
| #define HAVE_STRINGS_H 1
| #define HAVE_INTTYPES_H 1
| #define HAVE_STDINT_H 1
| #define HAVE_UNISTD_H 1
| #define HAVE_OPENSSL_MD5_H 1
| #define HAVE_OPENSSL_BIO_H 1
| #define HAVE_OPENSSL_ERR_H 1
| #define HAVE_OPENSSL_RAND_H 1
| #define HAVE_OPENSSL_SSL_H 1
| #define HAVE_OPENSSL_X509V3_H 1
| #define HAVE_LIBSSL 1
| #define HAVE_LIBCRYPTO 1
| #define HAVE_PCAP_H 1
| #define HAVE_ALLOCA_H 1
| #define HAVE_ALLOCA 1
| #define HAVE_ARPA_INET_H 1
| #define HAVE_FCNTL_H 1
| #define HAVE_LIMITS_H 1
| #define HAVE_NETDB_H 1
| #define HAVE_NETINET_IN_H 1
| #define HAVE_STDLIB_H 1
| #define HAVE_STRING_H 1
| #define HAVE_SYS_SOCKET_H 1
| #define HAVE_SYS_TIME_H 1
| #define HAVE_UNISTD_H 1
| /* end confdefs.h.  */
| #include <stdio.h>
| #ifdef HAVE_SYS_TYPES_H
| # include <sys/types.h>
| #endif
| #ifdef HAVE_SYS_STAT_H
| # include <sys/stat.h>
| #endif
| #ifdef STDC_HEADERS
| # include <stdlib.h>
| # include <stddef.h>
| #else
| # ifdef HAVE_STDLIB_H
| #  include <stdlib.h>
| # endif
| #endif
| #ifdef HAVE_STRING_H
| # if !defined STDC_HEADERS && defined HAVE_MEMORY_H
| #  include <memory.h>
| # endif
| # include <string.h>
| #endif
| #ifdef HAVE_STRINGS_H
| # include <strings.h>
| #endif
| #ifdef HAVE_INTTYPES_H
| # include <inttypes.h>
| #endif
| #ifdef HAVE_STDINT_H
| # include <stdint.h>
| #endif
| #ifdef HAVE_UNISTD_H
| # include <unistd.h>
| #endif
| int
| main ()
| {
| if (sizeof ((_Bool)))
| 	    return 0;
|   ;
|   return 0;
| }
configure:7800: result: yes
configure:7817: checking for inline
configure:7833: gcc -c -g -O2 -D__LINUX  -D__LINUX conftest.c >&5
configure:7833: $? = 0
configure:7841: result: inline
configure:7859: checking for pid_t
configure:7859: gcc -c -g -O2 -D__LINUX  -D__LINUX conftest.c >&5
configure:7859: $? = 0
configure:7859: gcc -c -g -O2 -D__LINUX  -D__LINUX conftest.c >&5
conftest.c: In function 'main':
conftest.c:81:20: error: expected expression before ')' token
 if (sizeof ((pid_t)))
                    ^
configure:7859: $? = 1
configure: failed program was:
| /* confdefs.h */
| #define PACKAGE_NAME "SIPp"
| #define PACKAGE_TARNAME "sipp"
| #define PACKAGE_VERSION "3.3"
| #define PACKAGE_STRING "SIPp 3.3"
| #define PACKAGE_BUGREPORT "sipp-users@lists.sourceforge.net"
| #define PACKAGE_URL ""
| #define PACKAGE "sipp"
| #define VERSION "3.3"
| #define STDC_HEADERS 1
| #define HAVE_LIBCURSES 1
| #define HAVE_SYS_TYPES_H 1
| #define HAVE_SYS_STAT_H 1
| #define HAVE_STDLIB_H 1
| #define HAVE_STRING_H 1
| #define HAVE_MEMORY_H 1
| #define HAVE_STRINGS_H 1
| #define HAVE_INTTYPES_H 1
| #define HAVE_STDINT_H 1
| #define HAVE_UNISTD_H 1
| #define HAVE_OPENSSL_MD5_H 1
| #define HAVE_OPENSSL_BIO_H 1
| #define HAVE_OPENSSL_ERR_H 1
| #define HAVE_OPENSSL_RAND_H 1
| #define HAVE_OPENSSL_SSL_H 1
| #define HAVE_OPENSSL_X509V3_H 1
| #define HAVE_LIBSSL 1
| #define HAVE_LIBCRYPTO 1
| #define HAVE_PCAP_H 1
| #define HAVE_ALLOCA_H 1
| #define HAVE_ALLOCA 1
| #define HAVE_ARPA_INET_H 1
| #define HAVE_FCNTL_H 1
| #define HAVE_LIMITS_H 1
| #define HAVE_NETDB_H 1
| #define HAVE_NETINET_IN_H 1
| #define HAVE_STDLIB_H 1
| #define HAVE_STRING_H 1
| #define HAVE_SYS_SOCKET_H 1
| #define HAVE_SYS_TIME_H 1
| #define HAVE_UNISTD_H 1
| #define HAVE__BOOL 1
| #define HAVE_STDBOOL_H 1
| /* end confdefs.h.  */
| #include <stdio.h>
| #ifdef HAVE_SYS_TYPES_H
| # include <sys/types.h>
| #endif
| #ifdef HAVE_SYS_STAT_H
| # include <sys/stat.h>
| #endif
| #ifdef STDC_HEADERS
| # include <stdlib.h>
| # include <stddef.h>
| #else
| # ifdef HAVE_STDLIB_H
| #  include <stdlib.h>
| # endif
| #endif
| #ifdef HAVE_STRING_H
| # if !defined STDC_HEADERS && defined HAVE_MEMORY_H
| #  include <memory.h>
| # endif
| # include <string.h>
| #endif
| #ifdef HAVE_STRINGS_H
| # include <strings.h>
| #endif
| #ifdef HAVE_INTTYPES_H
| # include <inttypes.h>
| #endif
| #ifdef HAVE_STDINT_H
| # include <stdint.h>
| #endif
| #ifdef HAVE_UNISTD_H
| # include <unistd.h>
| #endif
| int
| main ()
| {
| if (sizeof ((pid_t)))
| 	    return 0;
|   ;
|   return 0;
| }
configure:7859: result: yes
configure:7870: checking for size_t
configure:7870: result: yes
configure:7881: checking for ssize_t
configure:7881: gcc -c -g -O2 -D__LINUX  -D__LINUX conftest.c >&5
configure:7881: $? = 0
configure:7881: gcc -c -g -O2 -D__LINUX  -D__LINUX conftest.c >&5
conftest.c: In function 'main':
conftest.c:81:22: error: expected expression before ')' token
 if (sizeof ((ssize_t)))
                      ^
configure:7881: $? = 1
configure: failed program was:
| /* confdefs.h */
| #define PACKAGE_NAME "SIPp"
| #define PACKAGE_TARNAME "sipp"
| #define PACKAGE_VERSION "3.3"
| #define PACKAGE_STRING "SIPp 3.3"
| #define PACKAGE_BUGREPORT "sipp-users@lists.sourceforge.net"
| #define PACKAGE_URL ""
| #define PACKAGE "sipp"
| #define VERSION "3.3"
| #define STDC_HEADERS 1
| #define HAVE_LIBCURSES 1
| #define HAVE_SYS_TYPES_H 1
| #define HAVE_SYS_STAT_H 1
| #define HAVE_STDLIB_H 1
| #define HAVE_STRING_H 1
| #define HAVE_MEMORY_H 1
| #define HAVE_STRINGS_H 1
| #define HAVE_INTTYPES_H 1
| #define HAVE_STDINT_H 1
| #define HAVE_UNISTD_H 1
| #define HAVE_OPENSSL_MD5_H 1
| #define HAVE_OPENSSL_BIO_H 1
| #define HAVE_OPENSSL_ERR_H 1
| #define HAVE_OPENSSL_RAND_H 1
| #define HAVE_OPENSSL_SSL_H 1
| #define HAVE_OPENSSL_X509V3_H 1
| #define HAVE_LIBSSL 1
| #define HAVE_LIBCRYPTO 1
| #define HAVE_PCAP_H 1
| #define HAVE_ALLOCA_H 1
| #define HAVE_ALLOCA 1
| #define HAVE_ARPA_INET_H 1
| #define HAVE_FCNTL_H 1
| #define HAVE_LIMITS_H 1
| #define HAVE_NETDB_H 1
| #define HAVE_NETINET_IN_H 1
| #define HAVE_STDLIB_H 1
| #define HAVE_STRING_H 1
| #define HAVE_SYS_SOCKET_H 1
| #define HAVE_SYS_TIME_H 1
| #define HAVE_UNISTD_H 1
| #define HAVE__BOOL 1
| #define HAVE_STDBOOL_H 1
| /* end confdefs.h.  */
| #include <stdio.h>
| #ifdef HAVE_SYS_TYPES_H
| # include <sys/types.h>
| #endif
| #ifdef HAVE_SYS_STAT_H
| # include <sys/stat.h>
| #endif
| #ifdef STDC_HEADERS
| # include <stdlib.h>
| # include <stddef.h>
| #else
| # ifdef HAVE_STDLIB_H
| #  include <stdlib.h>
| # endif
| #endif
| #ifdef HAVE_STRING_H
| # if !defined STDC_HEADERS && defined HAVE_MEMORY_H
| #  include <memory.h>
| # endif
| # include <string.h>
| #endif
| #ifdef HAVE_STRINGS_H
| # include <strings.h>
| #endif
| #ifdef HAVE_INTTYPES_H
| # include <inttypes.h>
| #endif
| #ifdef HAVE_STDINT_H
| # include <stdint.h>
| #endif
| #ifdef HAVE_UNISTD_H
| # include <unistd.h>
| #endif
| int
| main ()
| {
| if (sizeof ((ssize_t)))
| 	    return 0;
|   ;
|   return 0;
| }
configure:7881: result: yes
configure:7892: checking for uint16_t
configure:7892: gcc -c -g -O2 -D__LINUX  -D__LINUX conftest.c >&5
configure:7892: $? = 0
configure:7892: result: yes
configure:7904: checking for uint32_t
configure:7904: gcc -c -g -O2 -D__LINUX  -D__LINUX conftest.c >&5
configure:7904: $? = 0
configure:7904: result: yes
configure:7918: checking for uint8_t
configure:7918: gcc -c -g -O2 -D__LINUX  -D__LINUX conftest.c >&5
configure:7918: $? = 0
configure:7918: result: yes
configure:7937: checking vfork.h usability
configure:7937: gcc -c -g -O2 -D__LINUX  -D__LINUX conftest.c >&5
conftest.c:78:19: fatal error: vfork.h: No such file or directory
 #include <vfork.h>
                   ^
compilation terminated.
configure:7937: $? = 1
configure: failed program was:
| /* confdefs.h */
| #define PACKAGE_NAME "SIPp"
| #define PACKAGE_TARNAME "sipp"
| #define PACKAGE_VERSION "3.3"
| #define PACKAGE_STRING "SIPp 3.3"
| #define PACKAGE_BUGREPORT "sipp-users@lists.sourceforge.net"
| #define PACKAGE_URL ""
| #define PACKAGE "sipp"
| #define VERSION "3.3"
| #define STDC_HEADERS 1
| #define HAVE_LIBCURSES 1
| #define HAVE_SYS_TYPES_H 1
| #define HAVE_SYS_STAT_H 1
| #define HAVE_STDLIB_H 1
| #define HAVE_STRING_H 1
| #define HAVE_MEMORY_H 1
| #define HAVE_STRINGS_H 1
| #define HAVE_INTTYPES_H 1
| #define HAVE_STDINT_H 1
| #define HAVE_UNISTD_H 1
| #define HAVE_OPENSSL_MD5_H 1
| #define HAVE_OPENSSL_BIO_H 1
| #define HAVE_OPENSSL_ERR_H 1
| #define HAVE_OPENSSL_RAND_H 1
| #define HAVE_OPENSSL_SSL_H 1
| #define HAVE_OPENSSL_X509V3_H 1
| #define HAVE_LIBSSL 1
| #define HAVE_LIBCRYPTO 1
| #define HAVE_PCAP_H 1
| #define HAVE_ALLOCA_H 1
| #define HAVE_ALLOCA 1
| #define HAVE_ARPA_INET_H 1
| #define HAVE_FCNTL_H 1
| #define HAVE_LIMITS_H 1
| #define HAVE_NETDB_H 1
| #define HAVE_NETINET_IN_H 1
| #define HAVE_STDLIB_H 1
| #define HAVE_STRING_H 1
| #define HAVE_SYS_SOCKET_H 1
| #define HAVE_SYS_TIME_H 1
| #define HAVE_UNISTD_H 1
| #define HAVE__BOOL 1
| #define HAVE_STDBOOL_H 1
| /* end confdefs.h.  */
| #include <stdio.h>
| #ifdef HAVE_SYS_TYPES_H
| # include <sys/types.h>
| #endif
| #ifdef HAVE_SYS_STAT_H
| # include <sys/stat.h>
| #endif
| #ifdef STDC_HEADERS
| # include <stdlib.h>
| # include <stddef.h>
| #else
| # ifdef HAVE_STDLIB_H
| #  include <stdlib.h>
| # endif
| #endif
| #ifdef HAVE_STRING_H
| # if !defined STDC_HEADERS && defined HAVE_MEMORY_H
| #  include <memory.h>
| # endif
| # include <string.h>
| #endif
| #ifdef HAVE_STRINGS_H
| # include <strings.h>
| #endif
| #ifdef HAVE_INTTYPES_H
| # include <inttypes.h>
| #endif
| #ifdef HAVE_STDINT_H
| # include <stdint.h>
| #endif
| #ifdef HAVE_UNISTD_H
| # include <unistd.h>
| #endif
| #include <vfork.h>
configure:7937: result: no
configure:7937: checking vfork.h presence
configure:7937: gcc -E  -D__LINUX conftest.c
conftest.c:45:19: fatal error: vfork.h: No such file or directory
 #include <vfork.h>
                   ^
compilation terminated.
configure:7937: $? = 1
configure: failed program was:
| /* confdefs.h */
| #define PACKAGE_NAME "SIPp"
| #define PACKAGE_TARNAME "sipp"
| #define PACKAGE_VERSION "3.3"
| #define PACKAGE_STRING "SIPp 3.3"
| #define PACKAGE_BUGREPORT "sipp-users@lists.sourceforge.net"
| #define PACKAGE_URL ""
| #define PACKAGE "sipp"
| #define VERSION "3.3"
| #define STDC_HEADERS 1
| #define HAVE_LIBCURSES 1
| #define HAVE_SYS_TYPES_H 1
| #define HAVE_SYS_STAT_H 1
| #define HAVE_STDLIB_H 1
| #define HAVE_STRING_H 1
| #define HAVE_MEMORY_H 1
| #define HAVE_STRINGS_H 1
| #define HAVE_INTTYPES_H 1
| #define HAVE_STDINT_H 1
| #define HAVE_UNISTD_H 1
| #define HAVE_OPENSSL_MD5_H 1
| #define HAVE_OPENSSL_BIO_H 1
| #define HAVE_OPENSSL_ERR_H 1
| #define HAVE_OPENSSL_RAND_H 1
| #define HAVE_OPENSSL_SSL_H 1
| #define HAVE_OPENSSL_X509V3_H 1
| #define HAVE_LIBSSL 1
| #define HAVE_LIBCRYPTO 1
| #define HAVE_PCAP_H 1
| #define HAVE_ALLOCA_H 1
| #define HAVE_ALLOCA 1
| #define HAVE_ARPA_INET_H 1
| #define HAVE_FCNTL_H 1
| #define HAVE_LIMITS_H 1
| #define HAVE_NETDB_H 1
| #define HAVE_NETINET_IN_H 1
| #define HAVE_STDLIB_H 1
| #define HAVE_STRING_H 1
| #define HAVE_SYS_SOCKET_H 1
| #define HAVE_SYS_TIME_H 1
| #define HAVE_UNISTD_H 1
| #define HAVE__BOOL 1
| #define HAVE_STDBOOL_H 1
| /* end confdefs.h.  */
| #include <vfork.h>
configure:7937: result: no
configure:7937: checking for vfork.h
configure:7937: result: no
configure:7950: checking for fork
configure:7950: gcc -o conftest -g -O2 -D__LINUX  -D__LINUX  conftest.c -lpcap -lcrypto -lssl -lm -lpthread -ldl -lcurses  >&5
conftest.c:68:6: warning: conflicting types for built-in function 'fork' [enabled by default]
 char fork ();
      ^
configure:7950: $? = 0
configure:7950: result: yes
configure:7950: checking for vfork
configure:7950: gcc -o conftest -g -O2 -D__LINUX  -D__LINUX  conftest.c -lpcap -lcrypto -lssl -lm -lpthread -ldl -lcurses  >&5
configure:7950: $? = 0
configure:7950: result: yes
configure:7960: checking for working fork
configure:7982: gcc -o conftest -g -O2 -D__LINUX  -D__LINUX  conftest.c -lpcap -lcrypto -lssl -lm -lpthread -ldl -lcurses  >&5
configure:7982: $? = 0
configure:7982: ./conftest
configure:7982: $? = 0
configure:7992: result: yes
configure:8013: checking for working vfork
configure:8123: result: yes
configure:8154: checking for alarm
configure:8154: gcc -o conftest -g -O2 -D__LINUX  -D__LINUX  conftest.c -lpcap -lcrypto -lssl -lm -lpthread -ldl -lcurses  >&5
configure:8154: $? = 0
configure:8154: result: yes
configure:8154: checking for dup2
configure:8154: gcc -o conftest -g -O2 -D__LINUX  -D__LINUX  conftest.c -lpcap -lcrypto -lssl -lm -lpthread -ldl -lcurses  >&5
configure:8154: $? = 0
configure:8154: result: yes
configure:8154: checking for floor
configure:8154: gcc -o conftest -g -O2 -D__LINUX  -D__LINUX  conftest.c -lpcap -lcrypto -lssl -lm -lpthread -ldl -lcurses  >&5
conftest.c:74:6: warning: conflicting types for built-in function 'floor' [enabled by default]
 char floor ();
      ^
configure:8154: $? = 0
configure:8154: result: yes
configure:8154: checking for gethostname
configure:8154: gcc -o conftest -g -O2 -D__LINUX  -D__LINUX  conftest.c -lpcap -lcrypto -lssl -lm -lpthread -ldl -lcurses  >&5
configure:8154: $? = 0
configure:8154: result: yes
configure:8154: checking for gettimeofday
configure:8154: gcc -o conftest -g -O2 -D__LINUX  -D__LINUX  conftest.c -lpcap -lcrypto -lssl -lm -lpthread -ldl -lcurses  >&5
configure:8154: $? = 0
configure:8154: result: yes
configure:8154: checking for inet_ntoa
configure:8154: gcc -o conftest -g -O2 -D__LINUX  -D__LINUX  conftest.c -lpcap -lcrypto -lssl -lm -lpthread -ldl -lcurses  >&5
configure:8154: $? = 0
configure:8154: result: yes
configure:8154: checking for memmove
configure:8154: gcc -o conftest -g -O2 -D__LINUX  -D__LINUX  conftest.c -lpcap -lcrypto -lssl -lm -lpthread -ldl -lcurses  >&5
conftest.c:78:6: warning: conflicting types for built-in function 'memmove' [enabled by default]
 char memmove ();
      ^
configure:8154: $? = 0
configure:8154: result: yes
configure:8154: checking for memset
configure:8154: gcc -o conftest -g -O2 -D__LINUX  -D__LINUX  conftest.c -lpcap -lcrypto -lssl -lm -lpthread -ldl -lcurses  >&5
conftest.c:79:6: warning: conflicting types for built-in function 'memset' [enabled by default]
 char memset ();
      ^
configure:8154: $? = 0
configure:8154: result: yes
configure:8154: checking for pow
configure:8154: gcc -o conftest -g -O2 -D__LINUX  -D__LINUX  conftest.c -lpcap -lcrypto -lssl -lm -lpthread -ldl -lcurses  >&5
conftest.c:80:6: warning: conflicting types for built-in function 'pow' [enabled by default]
 char pow ();
      ^
configure:8154: $? = 0
configure:8154: result: yes
configure:8154: checking for regcomp
configure:8154: gcc -o conftest -g -O2 -D__LINUX  -D__LINUX  conftest.c -lpcap -lcrypto -lssl -lm -lpthread -ldl -lcurses  >&5
configure:8154: $? = 0
configure:8154: result: yes
configure:8154: checking for socket
configure:8154: gcc -o conftest -g -O2 -D__LINUX  -D__LINUX  conftest.c -lpcap -lcrypto -lssl -lm -lpthread -ldl -lcurses  >&5
configure:8154: $? = 0
configure:8154: result: yes
configure:8154: checking for sqrt
configure:8154: gcc -o conftest -g -O2 -D__LINUX  -D__LINUX  conftest.c -lpcap -lcrypto -lssl -lm -lpthread -ldl -lcurses  >&5
conftest.c:83:6: warning: conflicting types for built-in function 'sqrt' [enabled by default]
 char sqrt ();
      ^
configure:8154: $? = 0
configure:8154: result: yes
configure:8154: checking for strcasecmp
configure:8154: gcc -o conftest -g -O2 -D__LINUX  -D__LINUX  conftest.c -lpcap -lcrypto -lssl -lm -lpthread -ldl -lcurses  >&5
conftest.c:84:6: warning: conflicting types for built-in function 'strcasecmp' [enabled by default]
 char strcasecmp ();
      ^
configure:8154: $? = 0
configure:8154: result: yes
configure:8154: checking for strchr
configure:8154: gcc -o conftest -g -O2 -D__LINUX  -D__LINUX  conftest.c -lpcap -lcrypto -lssl -lm -lpthread -ldl -lcurses  >&5
conftest.c:85:6: warning: conflicting types for built-in function 'strchr' [enabled by default]
 char strchr ();
      ^
configure:8154: $? = 0
configure:8154: result: yes
configure:8154: checking for strcspn
configure:8154: gcc -o conftest -g -O2 -D__LINUX  -D__LINUX  conftest.c -lpcap -lcrypto -lssl -lm -lpthread -ldl -lcurses  >&5
conftest.c:86:6: warning: conflicting types for built-in function 'strcspn' [enabled by default]
 char strcspn ();
      ^
configure:8154: $? = 0
configure:8154: result: yes
configure:8154: checking for strdup
configure:8154: gcc -o conftest -g -O2 -D__LINUX  -D__LINUX  conftest.c -lpcap -lcrypto -lssl -lm -lpthread -ldl -lcurses  >&5
conftest.c:87:6: warning: conflicting types for built-in function 'strdup' [enabled by default]
 char strdup ();
      ^
configure:8154: $? = 0
configure:8154: result: yes
configure:8154: checking for strerror
configure:8154: gcc -o conftest -g -O2 -D__LINUX  -D__LINUX  conftest.c -lpcap -lcrypto -lssl -lm -lpthread -ldl -lcurses  >&5
configure:8154: $? = 0
configure:8154: result: yes
configure:8154: checking for strncasecmp
configure:8154: gcc -o conftest -g -O2 -D__LINUX  -D__LINUX  conftest.c -lpcap -lcrypto -lssl -lm -lpthread -ldl -lcurses  >&5
conftest.c:89:6: warning: conflicting types for built-in function 'strncasecmp' [enabled by default]
 char strncasecmp ();
      ^
configure:8154: $? = 0
configure:8154: result: yes
configure:8154: checking for strrchr
configure:8154: gcc -o conftest -g -O2 -D__LINUX  -D__LINUX  conftest.c -lpcap -lcrypto -lssl -lm -lpthread -ldl -lcurses  >&5
conftest.c:90:6: warning: conflicting types for built-in function 'strrchr' [enabled by default]
 char strrchr ();
      ^
configure:8154: $? = 0
configure:8154: result: yes
configure:8154: checking for strstr
configure:8154: gcc -o conftest -g -O2 -D__LINUX  -D__LINUX  conftest.c -lpcap -lcrypto -lssl -lm -lpthread -ldl -lcurses  >&5
conftest.c:91:6: warning: conflicting types for built-in function 'strstr' [enabled by default]
 char strstr ();
      ^
configure:8154: $? = 0
configure:8154: result: yes
configure:8154: checking for strtol
configure:8154: gcc -o conftest -g -O2 -D__LINUX  -D__LINUX  conftest.c -lpcap -lcrypto -lssl -lm -lpthread -ldl -lcurses  >&5
configure:8154: $? = 0
configure:8154: result: yes
configure:8154: checking for strtoul
configure:8154: gcc -o conftest -g -O2 -D__LINUX  -D__LINUX  conftest.c -lpcap -lcrypto -lssl -lm -lpthread -ldl -lcurses  >&5
configure:8154: $? = 0
configure:8154: result: yes
configure:8154: checking for strtoull
configure:8154: gcc -o conftest -g -O2 -D__LINUX  -D__LINUX  conftest.c -lpcap -lcrypto -lssl -lm -lpthread -ldl -lcurses  >&5
configure:8154: $? = 0
configure:8154: result: yes
configure:8277: checking that generated files are newer than configure
configure:8283: result: done
configure:8326: creating ./config.status

## ---------------------- ##
## Running config.status. ##
## ---------------------- ##

This file was extended by SIPp config.status 3.3, which was
generated by GNU Autoconf 2.69.  Invocation command line was

  CONFIG_FILES    = 
  CONFIG_HEADERS  = 
  CONFIG_LINKS    = 
  CONFIG_COMMANDS = 
  $ ./config.status 

on acruz-pc

config.status:930: creating Makefile
config.status:930: creating config.h
config.status:1111: config.h is unchanged
config.status:1159: executing depfiles commands

## ---------------- ##
## Cache variables. ##
## ---------------- ##

ac_cv_build=x86_64-unknown-linux-gnu
ac_cv_c_compiler_gnu=yes
ac_cv_c_inline=inline
ac_cv_c_uint16_t=yes
ac_cv_c_uint32_t=yes
ac_cv_c_uint8_t=yes
ac_cv_cxx_compiler_gnu=yes
ac_cv_env_CCC_set=
ac_cv_env_CCC_value=
ac_cv_env_CC_set=
ac_cv_env_CC_value=
ac_cv_env_CFLAGS_set=
ac_cv_env_CFLAGS_value=
ac_cv_env_CPPFLAGS_set=
ac_cv_env_CPPFLAGS_value=
ac_cv_env_CPP_set=
ac_cv_env_CPP_value=
ac_cv_env_CXXFLAGS_set=
ac_cv_env_CXXFLAGS_value=
ac_cv_env_CXX_set=
ac_cv_env_CXX_value=
ac_cv_env_LDFLAGS_set=
ac_cv_env_LDFLAGS_value=
ac_cv_env_LIBS_set=
ac_cv_env_LIBS_value=
ac_cv_env_build_alias_set=
ac_cv_env_build_alias_value=
ac_cv_env_host_alias_set=
ac_cv_env_host_alias_value=
ac_cv_env_target_alias_set=
ac_cv_env_target_alias_value=
ac_cv_func_alarm=yes
ac_cv_func_alloca_works=yes
ac_cv_func_dup2=yes
ac_cv_func_floor=yes
ac_cv_func_fork=yes
ac_cv_func_fork_works=yes
ac_cv_func_gethostname=yes
ac_cv_func_gettimeofday=yes
ac_cv_func_inet_ntoa=yes
ac_cv_func_memmove=yes
ac_cv_func_memset=yes
ac_cv_func_pow=yes
ac_cv_func_regcomp=yes
ac_cv_func_socket=yes
ac_cv_func_sqrt=yes
ac_cv_func_strcasecmp=yes
ac_cv_func_strchr=yes
ac_cv_func_strcspn=yes
ac_cv_func_strdup=yes
ac_cv_func_strerror=yes
ac_cv_func_strncasecmp=yes
ac_cv_func_strrchr=yes
ac_cv_func_strstr=yes
ac_cv_func_strtol=yes
ac_cv_func_strtoul=yes
ac_cv_func_strtoull=yes
ac_cv_func_vfork=yes
ac_cv_func_vfork_works=yes
ac_cv_header_arpa_inet_h=yes
ac_cv_header_fcntl_h=yes
ac_cv_header_inttypes_h=yes
ac_cv_header_limits_h=yes
ac_cv_header_memory_h=yes
ac_cv_header_netdb_h=yes
ac_cv_header_netinet_in_h=yes
ac_cv_header_openssl_bio_h=yes
ac_cv_header_openssl_err_h=yes
ac_cv_header_openssl_md5_h=yes
ac_cv_header_openssl_rand_h=yes
ac_cv_header_openssl_ssl_h=yes
ac_cv_header_openssl_x509v3_h=yes
ac_cv_header_pcap_h=yes
ac_cv_header_stdbool_h=yes
ac_cv_header_stdc=yes
ac_cv_header_stdint_h=yes
ac_cv_header_stdlib_h=yes
ac_cv_header_string_h=yes
ac_cv_header_strings_h=yes
ac_cv_header_sys_socket_h=yes
ac_cv_header_sys_stat_h=yes
ac_cv_header_sys_time_h=yes
ac_cv_header_sys_types_h=yes
ac_cv_header_unistd_h=yes
ac_cv_header_vfork_h=no
ac_cv_host=x86_64-unknown-linux-gnu
ac_cv_lib_crypto_CRYPTO_num_locks=yes
ac_cv_lib_curses_initscr=yes
ac_cv_lib_pthread_pthread_mutex_init=yes
ac_cv_lib_ssl_SSL_library_init=yes
ac_cv_objext=o
ac_cv_path_EGREP='/bin/grep -E'
ac_cv_path_GREP=/bin/grep
ac_cv_path_install='/usr/bin/install -c'
ac_cv_path_mkdir=/bin/mkdir
ac_cv_prog_AWK=mawk
ac_cv_prog_CPP='gcc -E'
ac_cv_prog_ac_ct_CC=gcc
ac_cv_prog_ac_ct_CXX=g++
ac_cv_prog_cc_c89=
ac_cv_prog_cc_g=yes
ac_cv_prog_cxx_g=yes
ac_cv_prog_make_make_set=yes
ac_cv_search_bind='none required'
ac_cv_search_dlerror='none required'
ac_cv_search_dlopen=-ldl
ac_cv_search_dlsym='none required'
ac_cv_search_floor=-lm
ac_cv_search_freeaddrinfo='none required'
ac_cv_search_getaddrinfo='none required'
ac_cv_search_htons='none required'
ac_cv_search_inet_addr='none required'
ac_cv_search_inet_ntoa='none required'
ac_cv_search_listen='none required'
ac_cv_search_ntohs='none required'
ac_cv_search_pcap_close='none required'
ac_cv_search_pcap_next='none required'
ac_cv_search_pcap_next_ex='none required'
ac_cv_search_pcap_open_offline=-lpcap
ac_cv_search_pow='none required'
ac_cv_search_pthread_attr_destroy='none required'
ac_cv_search_pthread_attr_init='none required'
ac_cv_search_pthread_attr_setstacksize='none required'
ac_cv_search_pthread_cancel=-lpthread
ac_cv_search_pthread_create='none required'
ac_cv_search_pthread_exit='none required'
ac_cv_search_pthread_join='none required'
ac_cv_search_pthread_mutex_destroy='none required'
ac_cv_search_pthread_mutex_init='none required'
ac_cv_search_pthread_mutex_lock='none required'
ac_cv_search_pthread_mutex_unlock='none required'
ac_cv_search_pthread_self='none required'
ac_cv_search_pthread_setcancelstate='none required'
ac_cv_search_pthread_setcanceltype='none required'
ac_cv_search_pthread_setschedparam='none required'
ac_cv_search_pthread_sigmask='none required'
ac_cv_search_recvfrom='none required'
ac_cv_search_shutdown='none required'
ac_cv_target=x86_64-unknown-linux-gnu
ac_cv_type__Bool=yes
ac_cv_type_pid_t=yes
ac_cv_type_size_t=yes
ac_cv_type_ssize_t=yes
ac_cv_working_alloca_h=yes
am_cv_CC_dependencies_compiler_type=gcc3
am_cv_CXX_dependencies_compiler_type=gcc3
am_cv_make_support_nested_variables=yes
am_cv_prog_cc_c_o=yes

## ----------------- ##
## Output variables. ##
## ----------------- ##

ACLOCAL='${SHELL} /home/acruz/dev/sipp-3.3/missing aclocal-1.14'
ALLOCA=''
AMDEPBACKSLASH='\'
AMDEP_FALSE='#'
AMDEP_TRUE=''
AMTAR='$${TAR-tar}'
AM_BACKSLASH='\'
AM_DEFAULT_V='$(AM_DEFAULT_VERBOSITY)'
AM_DEFAULT_VERBOSITY='1'
AM_V='$(V)'
AUTOCONF='${SHELL} /home/acruz/dev/sipp-3.3/missing autoconf'
AUTOHEADER='${SHELL} /home/acruz/dev/sipp-3.3/missing autoheader'
AUTOMAKE='${SHELL} /home/acruz/dev/sipp-3.3/missing automake-1.14'
AWK='mawk'
CC='gcc'
CCDEPMODE='depmode=gcc3'
CFLAGS='-g -O2 -D__LINUX'
CPP='gcc -E'
CPPFLAGS=' -D__LINUX'
CXX='g++'
CXXDEPMODE='depmode=gcc3'
CXXFLAGS='-g -O2'
CYGPATH_W='echo'
DEFS='-DHAVE_CONFIG_H'
DEPDIR='.deps'
ECHO_C=''
ECHO_N='-n'
ECHO_T=''
EGREP='/bin/grep -E'
EXEEXT=''
GREP='/bin/grep'
HAVE_OPENSSL_FALSE='#'
HAVE_OPENSSL_TRUE=''
HAVE_PCAP_FALSE='#'
HAVE_PCAP_TRUE=''
HAVE_SCTP_FALSE=''
HAVE_SCTP_TRUE='#'
HAVE_UNITTEST_FALSE=''
HAVE_UNITTEST_TRUE='#'
INSTALL_DATA='${INSTALL} -m 644'
INSTALL_PROGRAM='${INSTALL}'
INSTALL_SCRIPT='${INSTALL}'
INSTALL_STRIP_PROGRAM='$(install_sh) -c -s'
LDFLAGS=''
LIBOBJS=''
LIBS='-lpcap -lcrypto -lssl -lm -lpthread -ldl -lcurses '
LTLIBOBJS=''
MAKEINFO='${SHELL} /home/acruz/dev/sipp-3.3/missing makeinfo'
MKDIR_P='/bin/mkdir -p'
OBJEXT='o'
PACKAGE='sipp'
PACKAGE_BUGREPORT='sipp-users@lists.sourceforge.net'
PACKAGE_NAME='SIPp'
PACKAGE_STRING='SIPp 3.3'
PACKAGE_TARNAME='sipp'
PACKAGE_URL=''
PACKAGE_VERSION='3.3'
PATH_SEPARATOR=':'
SET_MAKE=''
SHELL='/bin/bash'
STRIP=''
VERSION='3.3'
ac_ct_CC='gcc'
ac_ct_CXX='g++'
am__EXEEXT_FALSE=''
am__EXEEXT_TRUE='#'
am__fastdepCC_FALSE='#'
am__fastdepCC_TRUE=''
am__fastdepCXX_FALSE='#'
am__fastdepCXX_TRUE=''
am__include='include'
am__isrc=''
am__leading_dot='.'
am__nodep='_no'
am__quote=''
am__tar='$${TAR-tar} chof - "$$tardir"'
am__untar='$${TAR-tar} xf -'
bindir='${exec_prefix}/bin'
build='x86_64-unknown-linux-gnu'
build_alias=''
build_cpu='x86_64'
build_os='linux-gnu'
build_vendor='unknown'
datadir='${datarootdir}'
datarootdir='${prefix}/share'
docdir='${datarootdir}/doc/${PACKAGE_TARNAME}'
dvidir='${docdir}'
exec_prefix='${prefix}'
host='x86_64-unknown-linux-gnu'
host_alias=''
host_cpu='x86_64'
host_os='linux-gnu'
host_vendor='unknown'
htmldir='${docdir}'
includedir='${prefix}/include'
infodir='${datarootdir}/info'
install_sh='${SHELL} /home/acruz/dev/sipp-3.3/install-sh'
libdir='${exec_prefix}/lib'
libexecdir='${exec_prefix}/libexec'
localedir='${datarootdir}/locale'
localstatedir='${prefix}/var'
mandir='${datarootdir}/man'
mkdir_p='$(MKDIR_P)'
oldincludedir='/usr/include'
pdfdir='${docdir}'
prefix='/usr/local'
program_transform_name='s,x,x,'
psdir='${docdir}'
sbindir='${exec_prefix}/sbin'
sharedstatedir='${prefix}/com'
sysconfdir='${prefix}/etc'
target='x86_64-unknown-linux-gnu'
target_alias=''
target_cpu='x86_64'
target_os='linux-gnu'
target_vendor='unknown'

## ----------- ##
## confdefs.h. ##
## ----------- ##

/* confdefs.h */
#define PACKAGE_NAME "SIPp"
#define PACKAGE_TARNAME "sipp"
#define PACKAGE_VERSION "3.3"
#define PACKAGE_STRING "SIPp 3.3"
#define PACKAGE_BUGREPORT "sipp-users@lists.sourceforge.net"
#define PACKAGE_URL ""
#define PACKAGE "sipp"
#define VERSION "3.3"
#define STDC_HEADERS 1
#define HAVE_LIBCURSES 1
#define HAVE_SYS_TYPES_H 1
#define HAVE_SYS_STAT_H 1
#define HAVE_STDLIB_H 1
#define HAVE_STRING_H 1
#define HAVE_MEMORY_H 1
#define HAVE_STRINGS_H 1
#define HAVE_INTTYPES_H 1
#define HAVE_STDINT_H 1
#define HAVE_UNISTD_H 1
#define HAVE_OPENSSL_MD5_H 1
#define HAVE_OPENSSL_BIO_H 1
#define HAVE_OPENSSL_ERR_H 1
#define HAVE_OPENSSL_RAND_H 1
#define HAVE_OPENSSL_SSL_H 1
#define HAVE_OPENSSL_X509V3_H 1
#define HAVE_LIBSSL 1
#define HAVE_LIBCRYPTO 1
#define HAVE_PCAP_H 1
#define HAVE_ALLOCA_H 1
#define HAVE_ALLOCA 1
#define HAVE_ARPA_INET_H 1
#define HAVE_FCNTL_H 1
#define HAVE_LIMITS_H 1
#define HAVE_NETDB_H 1
#define HAVE_NETINET_IN_H 1
#define HAVE_STDLIB_H 1
#define HAVE_STRING_H 1
#define HAVE_SYS_SOCKET_H 1
#define HAVE_SYS_TIME_H 1
#define HAVE_UNISTD_H 1
#define HAVE__BOOL 1
#define HAVE_STDBOOL_H 1
#define HAVE_FORK 1
#define HAVE_VFORK 1
#define HAVE_WORKING_VFORK 1
#define HAVE_WORKING_FORK 1
#define HAVE_ALARM 1
#define HAVE_DUP2 1
#define HAVE_FLOOR 1
#define HAVE_GETHOSTNAME 1
#define HAVE_GETTIMEOFDAY 1
#define HAVE_INET_NTOA 1
#define HAVE_MEMMOVE 1
#define HAVE_MEMSET 1
#define HAVE_POW 1
#define HAVE_REGCOMP 1
#define HAVE_SOCKET 1
#define HAVE_SQRT 1
#define HAVE_STRCASECMP 1
#define HAVE_STRCHR 1
#define HAVE_STRCSPN 1
#define HAVE_STRDUP 1
#define HAVE_STRERROR 1
#define HAVE_STRNCASECMP 1
#define HAVE_STRRCHR 1
#define HAVE_STRSTR 1
#define HAVE_STRTOL 1
#define HAVE_STRTOUL 1
#define HAVE_STRTOULL 1

configure: exit 0

## ---------------------- ##
## Running config.status. ##
## ---------------------- ##

This file was extended by SIPp config.status 3.3, which was
generated by GNU Autoconf 2.69.  Invocation command line was

  CONFIG_FILES    = 
  CONFIG_HEADERS  = 
  CONFIG_LINKS    = 
  CONFIG_COMMANDS = 
  $ ./config.status config.h

on acruz-pc

config.status:930: creating config.h
config.status:1111: config.h is unchanged
